[debug] [2018-05-02T12:24:45.262Z] ----------------------------------------------------------------------
[debug] [2018-05-02T12:24:45.262Z] Command:       C:\Program Files\nodejs\node.exe C:\Users\Alex\AppData\Roaming\npm\node_modules\firebase-tools\bin\firebase deploy
[debug] [2018-05-02T12:24:45.262Z] CLI Version:   3.17.7
[debug] [2018-05-02T12:24:45.262Z] Platform:      win32
[debug] [2018-05-02T12:24:45.262Z] Node Version:  v8.9.4
[debug] [2018-05-02T12:24:45.262Z] Time:          Wed May 02 2018 14:24:45 GMT+0200 (W. Europe Summer Time)
[debug] [2018-05-02T12:24:45.262Z] ----------------------------------------------------------------------
[debug] 
[debug] [2018-05-02T12:24:45.278Z] > command requires scopes: ["email","openid","https://www.googleapis.com/auth/cloudplatformprojects.readonly","https://www.googleapis.com/auth/firebase","https://www.googleapis.com/auth/cloud-platform"]
[debug] [2018-05-02T12:24:45.293Z] > authorizing via signed-in user
[debug] [2018-05-02T12:24:45.293Z] > refreshing access token with scopes: ["email","https://www.googleapis.com/auth/cloud-platform","https://www.googleapis.com/auth/cloudplatformprojects.readonly","https://www.googleapis.com/auth/firebase","openid"]
[debug] [2018-05-02T12:24:45.293Z] >>> HTTP REQUEST POST https://www.googleapis.com/oauth2/v3/token  
 { refresh_token: '1/A3MtU1pctRKLbtqjA9VgOhEIZeDfpM_FFkCffv0f7Rg',
  client_id: '563584335869-fgrhgmd47bqnekij5i8b5pr03ho849e6.apps.googleusercontent.com',
  client_secret: 'j9iVZfS8kkCEFUPaAeJV0sAi',
  grant_type: 'refresh_token',
  scope: 'email https://www.googleapis.com/auth/cloud-platform https://www.googleapis.com/auth/cloudplatformprojects.readonly https://www.googleapis.com/auth/firebase openid' } 
 Wed May 02 2018 14:24:45 GMT+0200 (W. Europe Summer Time)
[debug] [2018-05-02T12:24:45.559Z] <<< HTTP RESPONSE 200
[debug] [2018-05-02T12:24:45.606Z] >>> HTTP REQUEST GET https://admin.firebase.com/v1/projects/my-legal-helper  
  
 Wed May 02 2018 14:24:45 GMT+0200 (W. Europe Summer Time)
[debug] [2018-05-02T12:24:46.393Z] <<< HTTP RESPONSE 200
[debug] [2018-05-02T12:24:46.394Z] >>> HTTP REQUEST GET https://admin.firebase.com/v1/database/my-legal-helper/tokens  
  
 Wed May 02 2018 14:24:46 GMT+0200 (W. Europe Summer Time)
[debug] [2018-05-02T12:24:47.057Z] <<< HTTP RESPONSE 200
[info] 
[info] === Deploying to 'my-legal-helper'...
[info] 
[info] i  deploying hosting
[info] i  hosting: preparing build directory for upload...
[debug] [2018-05-02T12:24:48.441Z] >>> HTTP REQUEST PUT https://deploy.firebase.com/v1/hosting/my-legal-helper/uploads/-LBVnzDTRQO1UDBgfP78?fileCount=55&message=  
  
 Wed May 02 2018 14:24:48 GMT+0200 (W. Europe Summer Time)
[debug] [2018-05-02T12:24:53.514Z] <<< HTTP RESPONSE 200
[debug] [2018-05-02T12:24:53.515Z] [hosting] .tgz uploaded successfully, waiting for extraction
